<?xml version="1.0" encoding="UTF-8"?>
<testng-results skipped="0" failed="0" ignored="0" total="1" passed="1">
  <reporter-output>
  </reporter-output>
  <suite name="Default suite" duration-ms="2418" started-at="2021-12-03T04:31:26Z" finished-at="2021-12-03T04:31:28Z">
    <groups>
    </groups>
    <test name="Default test" duration-ms="2418" started-at="2021-12-03T04:31:26Z" finished-at="2021-12-03T04:31:28Z">
      <class name="oAuth.OauthRequest">
        <test-method status="PASS" signature="Postcall()[pri:0, instance:oAuth.OauthRequest@69b0fd6f]" name="Postcall" duration-ms="2397" started-at="2021-12-03T04:31:26Z" finished-at="2021-12-03T04:31:28Z">
          <reporter-output>
          </reporter-output>
        </test-method> <!-- Postcall -->
      </class> <!-- oAuth.OauthRequest -->
    </test> <!-- Default test -->
  </suite> <!-- Default suite -->
</testng-results>
